#
# There is insufficient memory for the Java Runtime Environment to continue.
# Native memory allocation (malloc) failed to allocate 1048576 bytes. Error detail: AllocateHeap
# Possible reasons:
#   The system is out of physical RAM or swap space
#   This process is running with CompressedOops enabled, and the Java Heap may be blocking the growth of the native heap
# Possible solutions:
#   Reduce memory load on the system
#   Increase physical memory or swap space
#   Check if swap backing store is full
#   Decrease Java heap size (-Xmx/-Xms)
#   Decrease number of Java threads
#   Decrease Java thread stack sizes (-Xss)
#   Set larger code cache with -XX:ReservedCodeCacheSize=
#   JVM is running with Unscaled Compressed Oops mode in which the Java heap is
#     placed in the first 4GB address space. The Java Heap base address is the
#     maximum limit for the native heap growth. Please use -XX:HeapBaseMinAddress
#     to set the Java Heap base and to place the Java Heap above 4GB virtual address.
# This output file may be truncated or incomplete.
#
#  Out of Memory Error (allocation.cpp:44), pid=18560, tid=18612
#
# JRE version:  (22.0.1+8) (build )
# Java VM: Java HotSpot(TM) 64-Bit Server VM (22.0.1+8-16, mixed mode, sharing, tiered, compressed oops, compressed class ptrs, g1 gc, windows-amd64)
# No core dump will be written. Minidumps are not enabled by default on client versions of Windows
#

---------------  S U M M A R Y ------------

Command Line: -javaagent:C:\Users\USUARIO\eclipse\java-2024-03\eclipse\configuration\org.eclipse.osgi\482\0\.cp\jacocoagent.jar=includes=*,excludes=,exclclassloader=sun.reflect.DelegatingClassLoader,output=tcpclient,port=55108 -Dfile.encoding=UTF-8 -Dstdout.encoding=UTF-8 -Dstderr.encoding=UTF-8 -XX:+ShowCodeDetailsInExceptionMessages GUI.Login_ex

Host: AMD Ryzen 5 5500U with Radeon Graphics         , 12 cores, 3G,  Windows 11 , 64 bit Build 22621 (10.0.22621.3527)
Time: Wed May 22 18:15:12 2024 Hora est. Pacífico, Sudamérica elapsed time: 0.021269 seconds (0d 0h 0m 0s)

---------------  T H R E A D  ---------------

Current thread (0x0000029e1604f950):  JavaThread "Unknown thread" [_thread_in_vm, id=18612, stack(0x000000f558000000,0x000000f558100000) (1024K)]

Stack: [0x000000f558000000,0x000000f558100000]
Native frames: (J=compiled Java code, j=interpreted, Vv=VM code, C=native code)
V  [jvm.dll+0x6e2279]  (no source info available)
V  [jvm.dll+0x874e33]  (no source info available)
V  [jvm.dll+0x87725e]  (no source info available)
V  [jvm.dll+0x877933]  (no source info available)
V  [jvm.dll+0x27fd76]  (no source info available)
V  [jvm.dll+0xbe877]  (no source info available)
V  [jvm.dll+0x334fc4]  (no source info available)
V  [jvm.dll+0x32d12e]  (no source info available)
V  [jvm.dll+0x83ccdc]  (no source info available)
V  [jvm.dll+0x3c0d71]  (no source info available)
V  [jvm.dll+0x825ccc]  (no source info available)
V  [jvm.dll+0x45b8fe]  (no source info available)
V  [jvm.dll+0x45d781]  (no source info available)
C  [jli.dll+0x52a3]  (no source info available)
C  [ucrtbase.dll+0x29333]  (no source info available)
C  [KERNEL32.DLL+0x1257d]  (no source info available)
C  [ntdll.dll+0x5aa48]  (no source info available)


---------------  P R O C E S S  ---------------

Threads class SMR info:
_java_thread_list=0x00007ffc05b5b1c8, length=0, elements={
}

Java Threads: ( => current thread )
Total: 0

Other Threads:
  0x0000029e1833cd60 WorkerThread "GC Thread#0"                     [id=18696, stack(0x000000f558100000,0x000000f558200000) (1024K)]

[error occurred during error reporting (printing all threads), id 0xc0000005, EXCEPTION_ACCESS_VIOLATION (0xc0000005) at pc=0x00007ffc052a9a80]
VM state: not at safepoint (not fully initialized)

VM Mutex/Monitor currently owned by a thread:  ([mutex/lock_event])
[0x00007ffc05bdbcb8] Heap_lock - owner thread: 0x0000029e1604f950

Heap address: 0x00000000cac00000, size: 852 MB, Compressed Oops mode: 32-bit

CDS archive(s) mapped at: [0x0000000000000000-0x0000000000000000-0x0000000000000000), size 0, SharedBaseAddress: 0x0000000800000000, ArchiveRelocationMode: 1.
Narrow klass base: 0x0000000000000000, Narrow klass shift: 0, Narrow klass range: 0x0

GC Precious Log:
 CardTable entry size: 512
 Card Set container configuration: InlinePtr #cards 5 size 8 Array Of Cards #cards 12 size 40 Howl #buckets 4 coarsen threshold 1843 Howl Bitmap #cards 512 size 80 coarsen threshold 460 Card regions per heap region 1 cards per card region 2048

Heap:
 garbage-first heap   total reserved 872448K, committed 0K, used 0K [0x00000000cac00000, 0x0000000100000000)
  region size 1024K, 0 young (0K), 0 survivors (0K)

[error occurred during error reporting (printing heap information), id 0xc0000005, EXCEPTION_ACCESS_VIOLATION (0xc0000005) at pc=0x00007ffc056ae429]
GC Heap History (0 events):
No events

Dll operation events (1 events):
Event: 0.014 Loaded shared library C:\Program Files\Java\jdk-22\bin\java.dll

Deoptimization events (0 events):
No events

Classes loaded (0 events):
No events

Classes unloaded (0 events):
No events

Classes redefined (0 events):
No events

Internal exceptions (0 events):
No events

ZGC Phase Switch (0 events):
No events

VM Operations (0 events):
No events

Events (0 events):
No events


Dynamic libraries:
0x00007ff7cc4b0000 - 0x00007ff7cc4c0000 	C:\Program Files\Java\jdk-22\bin\javaw.exe
0x00007ffc6abf0000 - 0x00007ffc6ae07000 	C:\WINDOWS\SYSTEM32\ntdll.dll
0x00007ffc696c0000 - 0x00007ffc69784000 	C:\WINDOWS\System32\KERNEL32.DLL
0x00007ffc68570000 - 0x00007ffc68917000 	C:\WINDOWS\System32\KERNELBASE.dll
0x00007ffc67f10000 - 0x00007ffc68021000 	C:\WINDOWS\System32\ucrtbase.dll
0x00007ffc5f230000 - 0x00007ffc5f247000 	C:\Program Files\Java\jdk-22\bin\jli.dll
0x00007ffc5cb20000 - 0x00007ffc5cb3b000 	C:\Program Files\Java\jdk-22\bin\VCRUNTIME140.dll
0x00007ffc68b90000 - 0x00007ffc68c42000 	C:\WINDOWS\System32\ADVAPI32.dll
0x00007ffc6a230000 - 0x00007ffc6a2d7000 	C:\WINDOWS\System32\msvcrt.dll
0x00007ffc690f0000 - 0x00007ffc69198000 	C:\WINDOWS\System32\sechost.dll
0x00007ffc68240000 - 0x00007ffc68268000 	C:\WINDOWS\System32\bcrypt.dll
0x00007ffc69390000 - 0x00007ffc694a5000 	C:\WINDOWS\System32\RPCRT4.dll
0x00007ffc69500000 - 0x00007ffc696ae000 	C:\WINDOWS\System32\USER32.dll
0x00007ffc68210000 - 0x00007ffc68236000 	C:\WINDOWS\System32\win32u.dll
0x00007ffc697b0000 - 0x00007ffc697d9000 	C:\WINDOWS\System32\GDI32.dll
0x00007ffc4df90000 - 0x00007ffc4e223000 	C:\WINDOWS\WinSxS\amd64_microsoft.windows.common-controls_6595b64144ccf1df_6.0.22621.3527_none_270e469b73872a76\COMCTL32.dll
0x00007ffc68030000 - 0x00007ffc68149000 	C:\WINDOWS\System32\gdi32full.dll
0x00007ffc683e0000 - 0x00007ffc6847a000 	C:\WINDOWS\System32\msvcp_win.dll
0x00007ffc5f410000 - 0x00007ffc5f41a000 	C:\WINDOWS\SYSTEM32\VERSION.dll
0x00007ffc694b0000 - 0x00007ffc694e1000 	C:\WINDOWS\System32\IMM32.DLL
0x00007ffc63750000 - 0x00007ffc6375c000 	C:\Program Files\Java\jdk-22\bin\vcruntime140_1.dll
0x00007ffc3eba0000 - 0x00007ffc3ec2e000 	C:\Program Files\Java\jdk-22\bin\msvcp140.dll
0x00007ffc04f70000 - 0x00007ffc05cb7000 	C:\Program Files\Java\jdk-22\bin\server\jvm.dll
0x00007ffc68ec0000 - 0x00007ffc68f31000 	C:\WINDOWS\System32\WS2_32.dll
0x00007ffc67500000 - 0x00007ffc6754d000 	C:\WINDOWS\SYSTEM32\POWRPROF.dll
0x00007ffc60200000 - 0x00007ffc60234000 	C:\WINDOWS\SYSTEM32\WINMM.dll
0x00007ffc674b0000 - 0x00007ffc674c3000 	C:\WINDOWS\SYSTEM32\UMPDC.dll
0x00007ffc66f80000 - 0x00007ffc66f98000 	C:\WINDOWS\SYSTEM32\kernel.appcore.dll
0x00007ffc63780000 - 0x00007ffc6378a000 	C:\Program Files\Java\jdk-22\bin\jimage.dll
0x00007ffc5c030000 - 0x00007ffc5c262000 	C:\WINDOWS\SYSTEM32\DBGHELP.DLL
0x00007ffc69e20000 - 0x00007ffc6a1a8000 	C:\WINDOWS\System32\combase.dll
0x00007ffc697f0000 - 0x00007ffc698c7000 	C:\WINDOWS\System32\OLEAUT32.dll
0x00007ffc4f670000 - 0x00007ffc4f6a2000 	C:\WINDOWS\SYSTEM32\dbgcore.DLL
0x00007ffc68480000 - 0x00007ffc684f9000 	C:\WINDOWS\System32\bcryptPrimitives.dll
0x00007ffc62e50000 - 0x00007ffc62e5f000 	C:\Program Files\Java\jdk-22\bin\instrument.dll
0x00007ffc63730000 - 0x00007ffc6374e000 	C:\Program Files\Java\jdk-22\bin\java.dll
0x00007ffc6a350000 - 0x00007ffc6abac000 	C:\WINDOWS\System32\SHELL32.dll
0x00007ffc68f40000 - 0x00007ffc690e5000 	C:\WINDOWS\System32\ole32.dll

dbghelp: loaded successfully - version: 4.0.5 - missing functions: none
symbol engine: initialized successfully - sym options: 0x614 - pdb path: .;C:\Program Files\Java\jdk-22\bin;C:\WINDOWS\SYSTEM32;C:\WINDOWS\WinSxS\amd64_microsoft.windows.common-controls_6595b64144ccf1df_6.0.22621.3527_none_270e469b73872a76;C:\Program Files\Java\jdk-22\bin\server

VM Arguments:
jvm_args: -javaagent:C:\Users\USUARIO\eclipse\java-2024-03\eclipse\configuration\org.eclipse.osgi\482\0\.cp\jacocoagent.jar=includes=*,excludes=,exclclassloader=sun.reflect.DelegatingClassLoader,output=tcpclient,port=55108 -Dfile.encoding=UTF-8 -Dstdout.encoding=UTF-8 -Dstderr.encoding=UTF-8 -XX:+ShowCodeDetailsInExceptionMessages 
java_command: GUI.Login_ex
java_class_path (initial): C:\Users\USUARIO\Desktop\Proyecto_U\bin
Launcher Type: SUN_STANDARD

[Global flags]
     intx CICompilerCount                          = 4                                         {product} {ergonomic}
     uint ConcGCThreads                            = 3                                         {product} {ergonomic}
     uint G1ConcRefinementThreads                  = 10                                        {product} {ergonomic}
   size_t G1HeapRegionSize                         = 1048576                                   {product} {ergonomic}
   size_t InitialHeapSize                          = 56623104                                  {product} {ergonomic}
   size_t MarkStackSize                            = 4194304                                   {product} {ergonomic}
   size_t MaxHeapSize                              = 893386752                                 {product} {ergonomic}
   size_t MinHeapDeltaBytes                        = 1048576                                   {product} {ergonomic}
   size_t MinHeapSize                              = 8388608                                   {product} {ergonomic}
    uintx NonNMethodCodeHeapSize                   = 5839372                                {pd product} {ergonomic}
    uintx NonProfiledCodeHeapSize                  = 122909434                              {pd product} {ergonomic}
    uintx ProfiledCodeHeapSize                     = 122909434                              {pd product} {ergonomic}
    uintx ReservedCodeCacheSize                    = 251658240                              {pd product} {ergonomic}
     bool SegmentedCodeCache                       = true                                      {product} {ergonomic}
     bool ShowCodeDetailsInExceptionMessages       = true                                   {manageable} {command line}
   size_t SoftMaxHeapSize                          = 893386752                              {manageable} {ergonomic}
     bool UseCompressedOops                        = true                           {product lp64_product} {ergonomic}
     bool UseG1GC                                  = true                                      {product} {ergonomic}
     bool UseLargePagesIndividualAllocation        = false                                  {pd product} {ergonomic}

Logging:
Log output configuration:
 #0: stdout all=warning uptime,level,tags foldmultilines=false
 #1: stderr all=off uptime,level,tags foldmultilines=false

Environment Variables:
PATH=C:/Program Files/Java/jdk-22/bin/server;C:/Program Files/Java/jdk-22/bin;C:\Program Files\Common Files\Oracle\Java\javapath;C:\ProgramData\Oracle\Java\javapath;C:\WINDOWS\system32;C:\WINDOWS;C:\WINDOWS\System32\Wbem;C:\WINDOWS\System32\WindowsPowerShell\v1.0\;C:\WINDOWS\System32\OpenSSH\;C:\Program Files\dotnet\;C:\Users\USUARIO\AppData\Local\Microsoft\WindowsApps\;C:\msys64\ucrt64\bin;C:\Users\USUARIO\AppData\Local\Packages\PythonSoftwareFoundation.Python.3.11_qbz5n2kfra8p0\LocalCache\local-packages\Python311\Scripts;C:\xampp\php;C:\Program Files\Git\cmd;C:\Program Files\MySQL\MySQL Shell 8.0\bin\;C:\Users\USUARIO\AppData\Local\Microsoft\WindowsApps;;C:\Users\USUARIO\AppData\Local\Programs\Microsoft VS Code\bin;C:\WINDOWS\system32;
USERNAME=USUARIO
OS=Windows_NT
PROCESSOR_IDENTIFIER=AMD64 Family 23 Model 104 Stepping 1, AuthenticAMD
TMP=C:\Users\USUARIO\AppData\Local\Temp
TEMP=C:\Users\USUARIO\AppData\Local\Temp




Periodic native trim disabled

---------------  S Y S T E M  ---------------

OS:
 Windows 11 , 64 bit Build 22621 (10.0.22621.3527)
OS uptime: 0 days 14:01 hours
Hyper-V role detected

CPU: total 12 (initial active 12) (12 cores per cpu, 2 threads per core) family 23 model 104 stepping 1 microcode 0x0, cx8, cmov, fxsr, ht, mmx, 3dnowpref, sse, sse2, sse3, ssse3, sse4a, sse4.1, sse4.2, popcnt, lzcnt, tsc, tscinvbit, avx, avx2, aes, clmul, bmi1, bmi2, adx, sha, fma, vzeroupper, clflush, clflushopt, hv, rdtscp, rdpid, f16c
Processor Information for processor 0
  Max Mhz: 2100, Current Mhz: 1813, Mhz Limit: 2100
Processor Information for processor 1
  Max Mhz: 2100, Current Mhz: 1813, Mhz Limit: 2100
Processor Information for processor 2
  Max Mhz: 2100, Current Mhz: 1813, Mhz Limit: 2100
Processor Information for processor 3
  Max Mhz: 2100, Current Mhz: 1813, Mhz Limit: 2100
Processor Information for processor 4
  Max Mhz: 2100, Current Mhz: 1813, Mhz Limit: 2100
Processor Information for processor 5
  Max Mhz: 2100, Current Mhz: 2100, Mhz Limit: 2100
Processor Information for processor 6
  Max Mhz: 2100, Current Mhz: 2100, Mhz Limit: 2100
Processor Information for processor 7
  Max Mhz: 2100, Current Mhz: 1813, Mhz Limit: 2100
Processor Information for processor 8
  Max Mhz: 2100, Current Mhz: 1813, Mhz Limit: 2100
Processor Information for processor 9
  Max Mhz: 2100, Current Mhz: 1813, Mhz Limit: 2100
Processor Information for processor 10
  Max Mhz: 2100, Current Mhz: 2100, Mhz Limit: 2100
Processor Information for processor 11
  Max Mhz: 2100, Current Mhz: 1813, Mhz Limit: 2100

Memory: 4k page, system-wide physical 3406M (289M free)
TotalPageFile size 13646M (AvailPageFile size 4M)
current process WorkingSet (physical memory assigned to process): 12M, peak: 12M
current process commit charge ("private bytes"): 60M, peak: 61M

vm_info: Java HotSpot(TM) 64-Bit Server VM (22.0.1+8-16) for windows-amd64 JRE (22.0.1+8-16), built on 2024-03-12T10:33:16Z by "mach5one" with MS VC++ 17.6 (VS2022)

END.
